<?xml version="1.0" encoding="UTF-8"?>
<testng-results ignored="0" total="1" passed="1" failed="0" skipped="0">
  <reporter-output>
  </reporter-output>
  <suite started-at="2020-05-26T13:25:24 VET" name="com.selenium.TestApp.HelloWorldTest" finished-at="2020-05-26T13:25:38 VET" duration-ms="14404">
    <groups>
    </groups>
    <test started-at="2020-05-26T13:25:24 VET" name="Command line test" finished-at="2020-05-26T13:25:38 VET" duration-ms="14404">
      <class name="com.selenium.TestApp.HelloWorldTest">
        <test-method signature="Login()[pri:0, instance:com.selenium.TestApp.HelloWorldTest@7adda9cc]" started-at="2020-05-26T13:25:24 VET" name="Login" finished-at="2020-05-26T13:25:38 VET" duration-ms="14367" status="PASS">
          <reporter-output>
          </reporter-output>
        </test-method> <!-- Login -->
      </class> <!-- com.selenium.TestApp.HelloWorldTest -->
    </test> <!-- Command line test -->
  </suite> <!-- com.selenium.TestApp.HelloWorldTest -->
</testng-results>
